0 info it worked if it ends with ok
1 verbose cli [ 'C:\\Program Files\\nodejs\\node.exe',
1 verbose cli   'C:\\Program Files\\nodejs\\node_modules\\npm\\bin\\npm-cli.js',
1 verbose cli   'run',
1 verbose cli   'server' ]
2 info using npm@3.10.10
3 info using node@v6.11.4
4 verbose run-script [ 'preserver', 'server', 'postserver' ]
5 info lifecycle bmforum@1.0.0~preserver: bmforum@1.0.0
6 silly lifecycle bmforum@1.0.0~preserver: no script for preserver, continuing
7 info lifecycle bmforum@1.0.0~server: bmforum@1.0.0
8 verbose lifecycle bmforum@1.0.0~server: unsafe-perm in lifecycle true
9 verbose lifecycle bmforum@1.0.0~server: PATH: C:\Program Files\nodejs\node_modules\npm\bin\node-gyp-bin;C:\Users\Bobby Marsh\bloc\bmforum\node_modules\.bin;C:\Program Files\Git\mingw64\bin;C:\Program Files\Git\usr\bin;C:\Users\Bobby Marsh\bin;C:\WINDOWS\system32;C:\WINDOWS;C:\WINDOWS\System32\Wbem;C:\WINDOWS\System32\WindowsPowerShell\v1.0;C:\Program Files (x86)\AMD\ATI.ACE\Core-Static;C:\Program Files (x86)\GtkSharp\2.12\bin;C:\Program Files\Git\cmd;C:\Program Files\nodejs;C:\WINDOWS\System32\OpenSSH;C:\Users\Bobby Marsh\AppData\Local\Microsoft\WindowsApps;C:\Users\Bobby Marsh\AppData\Local\atom\bin;C:\Users\Bobby Marsh\AppData\Roaming\npm;C:\Users\Bobby Marsh\AppData\Local\Microsoft\WindowsApps;C:\Program Files\Microsoft VS Code\bin;C:\Program Files\heroku\bin
10 verbose lifecycle bmforum@1.0.0~server: CWD: C:\Users\Bobby Marsh\bloc\bmforum
11 silly lifecycle bmforum@1.0.0~server: Args: [ '/d /s /c', 'nodemon server.js' ]
12 silly lifecycle bmforum@1.0.0~server: Returned: code: 3221225786  signal: null
13 info lifecycle bmforum@1.0.0~server: Failed to exec server script
14 verbose stack Error: bmforum@1.0.0 server: `nodemon server.js`
14 verbose stack Exit status 3221225786
14 verbose stack     at EventEmitter.<anonymous> (C:\Program Files\nodejs\node_modules\npm\lib\utils\lifecycle.js:255:16)
14 verbose stack     at emitTwo (events.js:106:13)
14 verbose stack     at EventEmitter.emit (events.js:191:7)
14 verbose stack     at ChildProcess.<anonymous> (C:\Program Files\nodejs\node_modules\npm\lib\utils\spawn.js:40:14)
14 verbose stack     at emitTwo (events.js:106:13)
14 verbose stack     at ChildProcess.emit (events.js:191:7)
14 verbose stack     at maybeClose (internal/child_process.js:920:16)
14 verbose stack     at Process.ChildProcess._handle.onexit (internal/child_process.js:230:5)
15 verbose pkgid bmforum@1.0.0
16 verbose cwd C:\Users\Bobby Marsh\bloc\bmforum
17 error Windows_NT 10.0.17134
18 error argv "C:\\Program Files\\nodejs\\node.exe" "C:\\Program Files\\nodejs\\node_modules\\npm\\bin\\npm-cli.js" "run" "server"
19 error node v6.11.4
20 error npm  v3.10.10
21 error code ELIFECYCLE
22 error bmforum@1.0.0 server: `nodemon server.js`
22 error Exit status 3221225786
23 error Failed at the bmforum@1.0.0 server script 'nodemon server.js'.
23 error Make sure you have the latest version of node.js and npm installed.
23 error If you do, this is most likely a problem with the bmforum package,
23 error not with npm itself.
23 error Tell the author that this fails on your system:
23 error     nodemon server.js
23 error You can get information on how to open an issue for this project with:
23 error     npm bugs bmforum
23 error Or if that isn't available, you can get their info via:
23 error     npm owner ls bmforum
23 error There is likely additional logging output above.
24 verbose exit [ 1, true ]
